<?xml version="1.0" encoding="UTF-8"?>
<testsuite xmlns:xsi="http://www.w3.org/2001/XMLSchema-instance" xsi:noNamespaceSchemaLocation="https://maven.apache.org/surefire/maven-surefire-plugin/xsd/surefire-test-report-3.0.xsd" version="3.0" name="com.sevolutivo.demo.cucumber.CucumberTest" time="0.747" tests="1" errors="0" skipped="0" failures="0">
  <properties>
[...]
</properties>
  <testcase name="client makes call to GET greeting endpoint" classname="the hello endpoint can be retrieved" time="0.695">
    <system-out><![CDATA[2024-02-05T00:53:40.364-05:00  INFO 27441 --- [           main] t.c.s.AnnotationConfigContextLoaderUtils : Could not detect default configuration classes for test class [com.sevolutivo.demo.cucumber.CucumberSpringConfiguration]: CucumberSpringConfiguration does not declare any static, non-private, non-final, nested classes annotated with @Configuration.
2024-02-05T00:53:40.369-05:00  INFO 27441 --- [           main] .b.t.c.SpringBootTestContextBootstrapper : Found @SpringBootConfiguration com.sevolutivo.demo.SpringBootCucumberApplication for test class com.sevolutivo.demo.cucumber.CucumberSpringConfiguration

  .   ____          _            __ _ _
 /\\ / ___'_ __ _ _(_)_ __  __ _ \ \ \ \
( ( )\___ | '_ | '_| | '_ \/ _` | \ \ \ \
 \\/  ___)| |_)| | | | | || (_| |  ) ) ) )
  '  |____| .__|_| |_|_| |_\__, | / / / /
 =========|_|==============|___/=/_/_/_/
 :: Spring Boot ::                (v3.2.2)

2024-02-05T00:53:40.395-05:00  INFO 27441 --- [           main] c.s.d.c.CucumberSpringConfiguration      : Starting CucumberSpringConfiguration using Java 21.0.2 with PID 27441 (started by johannes in /home/johannes/Downloads/spring-boot-cucumber)
2024-02-05T00:53:40.395-05:00  INFO 27441 --- [           main] c.s.d.c.CucumberSpringConfiguration      : No active profile set, falling back to 1 default profile: "default"
2024-02-05T00:53:40.635-05:00  INFO 27441 --- [           main] o.s.b.w.embedded.tomcat.TomcatWebServer  : Tomcat initialized with port 0 (http)
2024-02-05T00:53:40.648-05:00  INFO 27441 --- [           main] o.apache.catalina.core.StandardService   : Starting service [Tomcat]
2024-02-05T00:53:40.649-05:00  INFO 27441 --- [           main] o.apache.catalina.core.StandardEngine    : Starting Servlet engine: [Apache Tomcat/10.1.18]
2024-02-05T00:53:40.696-05:00  INFO 27441 --- [           main] o.a.c.c.C.[Tomcat].[localhost].[/]       : Initializing Spring embedded WebApplicationContext
2024-02-05T00:53:40.697-05:00  INFO 27441 --- [           main] w.s.c.ServletWebServerApplicationContext : Root WebApplicationContext: initialization completed in 299 ms
2024-02-05T00:53:40.837-05:00  INFO 27441 --- [           main] o.s.b.w.embedded.tomcat.TomcatWebServer  : Tomcat started on port 38955 (http) with context path ''
2024-02-05T00:53:40.842-05:00  INFO 27441 --- [           main] c.s.d.c.CucumberSpringConfiguration      : Started CucumberSpringConfiguration in 0.47 seconds (process running for 4.094)
2024-02-05T00:53:40.980-05:00  INFO 27441 --- [o-auto-1-exec-1] o.a.c.c.C.[Tomcat].[localhost].[/]       : Initializing Spring DispatcherServlet 'dispatcherServlet'
2024-02-05T00:53:40.980-05:00  INFO 27441 --- [o-auto-1-exec-1] o.s.web.servlet.DispatcherServlet        : Initializing Servlet 'dispatcherServlet'
2024-02-05T00:53:40.981-05:00  INFO 27441 --- [o-auto-1-exec-1] o.s.web.servlet.DispatcherServlet        : Completed initialization in 1 ms
]]></system-out>
  </testcase>
</testsuite>